error: Found argument '.' which wasn't expected, or isn't valid in this context

USAGE:
    alacritty [OPTIONS] [SUBCOMMAND]

For more information try --help
warning: queue 0x7f1708000ca0 destroyed while proxies still attached:
  zwp_primary_selection_offer_v1@4278190083 still attached
  wl_data_offer@4278190082 still attached
  zwp_primary_selection_device_v1@26 still attached
  zwp_primary_selection_device_manager_v1@22 still attached
  wl_data_device@25 still attached
  wl_data_device_manager@24 still attached
  wl_seat@23 still attached
  wl_registry@21 still attached
warning: queue 0x55c23c8b71b0 destroyed while proxies still attached:
  wl_buffer@48 still attached
  wl_shm_pool@49 still attached
  xdg_wm_base@37 still attached
  zwp_text_input_manager_v3@15 still attached
  wl_output@14 still attached
  xdg_activation_v1@13 still attached
  wl_subcompositor@12 still attached
  zwp_relative_pointer_manager_v1@11 still attached
  zwp_pointer_constraints_v1@10 still attached
  wl_seat@9 still attached
  wl_shm@8 still attached
  wp_fractional_scale_manager_v1@7 still attached
  wp_viewporter@6 still attached
  zxdg_decoration_manager_v1@5 still attached
  wl_compositor@4 still attached
  wl_registry@2 still attached
